This file contains any messages produced by compilers while
running configure, to aid debugging if configure makes a mistake.

It was created by configure, which was
generated by GNU Autoconf 2.69.  Invocation command line was

  $ ./configure --disable-option-checking --prefix=/usr/local --enable-ssl --cache-file=/dev/null --srcdir=.

## --------- ##
## Platform. ##
## --------- ##

hostname = columPC
uname -m = x86_64
uname -r = 5.1.15-64
uname -s = Linux
uname -v = #1 SMP Mon Jul 1 14:00:23 BST 2019

/usr/bin/uname -p = unknown
/bin/uname -X     = unknown

/bin/arch              = unknown
/usr/bin/arch -k       = unknown
/usr/convex/getsysinfo = unknown
/usr/bin/hostinfo      = unknown
/bin/machine           = unknown
/usr/bin/oslevel       = unknown
/bin/universe          = unknown

PATH: /usr/prebin
PATH: /usr/local/bin
PATH: /usr/bin
PATH: /usr/X11R7/bin
PATH: /bin
PATH: /usr/games/bin
PATH: .
PATH: /opt/Csound-6.05/bin
PATH: /opt/FLTK/bin
PATH: /opt/Python-2.7.13/bin
PATH: /opt/Python-3.7.1/bin
PATH: /opt/Qt5/bin
PATH: /opt/SDL/bin
PATH: /opt/SDL2/bin
PATH: /opt/blender-2.79b/bin
PATH: /opt/boinc/bin
PATH: /opt/brlcad-7.26.4/bin
PATH: /opt/games/bin
PATH: /opt/gdbm-1.14.1/bin
PATH: /opt/ghostscript-9.23/bin
PATH: /opt/git-2.17.0/bin
PATH: /opt/lua-5.3.4/bin
PATH: /opt/lxc-3.0.1/bin
PATH: /opt/mujs-1.0.5/bin
PATH: /opt/netpbm-10.66.02/bin
PATH: /opt/opengl/bin
PATH: /opt/panda3d/bin
PATH: /opt/perl-5.24.1/bin
PATH: /opt/php-7.1.3/bin
PATH: /opt/qemu-2.8.1/bin
PATH: /opt/rustc-1.33.0/bin
PATH: /opt/schily/bin
PATH: /opt/squirrel-3.0/bin
PATH: /opt/tcl-8.6.8/bin
PATH: /opt/tinyscheme-1.41/bin
PATH: /opt/wine-3.12/bin


## ----------- ##
## Core tests. ##
## ----------- ##

configure:2197: checking for gcc
configure:2213: found /usr/bin/gcc
configure:2224: result: gcc
configure:2453: checking for C compiler version
configure:2462: gcc --version >&5
gcc (GCC) 8.1.0
Copyright (C) 2018 Free Software Foundation, Inc.
This is free software; see the source for copying conditions.  There is NO
warranty; not even for MERCHANTABILITY or FITNESS FOR A PARTICULAR PURPOSE.

configure:2473: $? = 0
configure:2462: gcc -v >&5
Using built-in specs.
COLLECT_GCC=gcc
COLLECT_LTO_WRAPPER=/usr/libexec/gcc/i486-pc-linux-gnu/8.1.0/lto-wrapper
Target: i486-pc-linux-gnu
Configured with: ../gcc-8.1.0-src/configure --prefix=/usr --sysconfdir=/etc --includedir=/usr/include --localstatedir=/var --mandir=/usr/share/man --infodir=/usr/share/info --host=i486-pc-linux-gnu --build=i486-pc-linux-gnu --target=i486-pc-linux-gnu --enable-languages=c,c++,go --disable-nls --disable-multilib
Thread model: posix
gcc version 8.1.0 (GCC) 
configure:2473: $? = 0
configure:2462: gcc -V >&5
gcc: error: unrecognized command line option '-V'
gcc: fatal error: no input files
compilation terminated.
configure:2473: $? = 1
configure:2462: gcc -qversion >&5
gcc: error: unrecognized command line option '-qversion'; did you mean '--version'?
gcc: fatal error: no input files
compilation terminated.
configure:2473: $? = 1
configure:2493: checking whether the C compiler works
configure:2515: gcc    conftest.c  >&5
configure:2519: $? = 0
configure:2567: result: yes
configure:2570: checking for C compiler default output file name
configure:2572: result: a.out
configure:2578: checking for suffix of executables
configure:2585: gcc -o conftest    conftest.c  >&5
configure:2589: $? = 0
configure:2611: result: 
configure:2633: checking whether we are cross compiling
configure:2641: gcc -o conftest    conftest.c  >&5
configure:2645: $? = 0
configure:2652: ./conftest
configure:2656: $? = 0
configure:2671: result: no
configure:2676: checking for suffix of object files
configure:2698: gcc -c   conftest.c >&5
configure:2702: $? = 0
configure:2723: result: o
configure:2727: checking whether we are using the GNU C compiler
configure:2746: gcc -c   conftest.c >&5
configure:2746: $? = 0
configure:2755: result: yes
configure:2764: checking whether gcc accepts -g
configure:2784: gcc -c -g  conftest.c >&5
configure:2784: $? = 0
configure:2825: result: yes
configure:2842: checking for gcc option to accept ISO C89
configure:2905: gcc  -c -g -O2  conftest.c >&5
configure:2905: $? = 0
configure:2918: result: none needed
configure:2944: checking whether make sets $(MAKE)
configure:2966: result: yes
configure:2981: checking how to run the C preprocessor
configure:3012: gcc -E  conftest.c
configure:3012: $? = 0
configure:3026: gcc -E  conftest.c
conftest.c:9:10: fatal error: ac_nonexistent.h: No such file or directory
 #include <ac_nonexistent.h>
          ^~~~~~~~~~~~~~~~~~
compilation terminated.
configure:3026: $? = 1
configure: failed program was:
| /* confdefs.h */
| #define PACKAGE_NAME ""
| #define PACKAGE_TARNAME ""
| #define PACKAGE_VERSION ""
| #define PACKAGE_STRING ""
| #define PACKAGE_BUGREPORT ""
| #define PACKAGE_URL ""
| /* end confdefs.h.  */
| #include <ac_nonexistent.h>
configure:3051: result: gcc -E
configure:3071: gcc -E  conftest.c
configure:3071: $? = 0
configure:3085: gcc -E  conftest.c
conftest.c:9:10: fatal error: ac_nonexistent.h: No such file or directory
 #include <ac_nonexistent.h>
          ^~~~~~~~~~~~~~~~~~
compilation terminated.
configure:3085: $? = 1
configure: failed program was:
| /* confdefs.h */
| #define PACKAGE_NAME ""
| #define PACKAGE_TARNAME ""
| #define PACKAGE_VERSION ""
| #define PACKAGE_STRING ""
| #define PACKAGE_BUGREPORT ""
| #define PACKAGE_URL ""
| /* end confdefs.h.  */
| #include <ac_nonexistent.h>
configure:3114: checking for grep that handles long lines and -e
configure:3172: result: /bin/grep
configure:3177: checking for egrep
configure:3239: result: /bin/grep -E
configure:3244: checking for ANSI C header files
configure:3264: gcc -c -g -O2  conftest.c >&5
configure:3264: $? = 0
configure:3337: gcc -o conftest -g -O2   conftest.c  >&5
configure:3337: $? = 0
configure:3337: ./conftest
configure:3337: $? = 0
configure:3348: result: yes
configure:3363: checking for special C compiler options needed for large files
configure:3408: result: no
configure:3414: checking for _FILE_OFFSET_BITS value needed for large files
configure:3439: gcc -c -g -O2  conftest.c >&5
conftest.c:15:33: warning: left shift count >= width of type [-Wshift-count-overflow]
 #define LARGE_OFF_T (((off_t) 1 << 62) - 1 + ((off_t) 1 << 62))
                                 ^~
conftest.c:16:23: note: in expansion of macro 'LARGE_OFF_T'
   int off_t_is_large[(LARGE_OFF_T % 2147483629 == 721
                       ^~~~~~~~~~~
conftest.c:15:57: warning: left shift count >= width of type [-Wshift-count-overflow]
 #define LARGE_OFF_T (((off_t) 1 << 62) - 1 + ((off_t) 1 << 62))
                                                         ^~
conftest.c:16:23: note: in expansion of macro 'LARGE_OFF_T'
   int off_t_is_large[(LARGE_OFF_T % 2147483629 == 721
                       ^~~~~~~~~~~
conftest.c:15:33: warning: left shift count >= width of type [-Wshift-count-overflow]
 #define LARGE_OFF_T (((off_t) 1 << 62) - 1 + ((off_t) 1 << 62))
                                 ^~
conftest.c:17:13: note: in expansion of macro 'LARGE_OFF_T'
          && LARGE_OFF_T % 2147483647 == 1)
             ^~~~~~~~~~~
conftest.c:15:57: warning: left shift count >= width of type [-Wshift-count-overflow]
 #define LARGE_OFF_T (((off_t) 1 << 62) - 1 + ((off_t) 1 << 62))
                                                         ^~
conftest.c:17:13: note: in expansion of macro 'LARGE_OFF_T'
          && LARGE_OFF_T % 2147483647 == 1)
             ^~~~~~~~~~~
conftest.c:16:7: error: variably modified 'off_t_is_large' at file scope
   int off_t_is_large[(LARGE_OFF_T % 2147483629 == 721
       ^~~~~~~~~~~~~~
configure:3439: $? = 1
configure: failed program was:
| /* confdefs.h */
| #define PACKAGE_NAME ""
| #define PACKAGE_TARNAME ""
| #define PACKAGE_VERSION ""
| #define PACKAGE_STRING ""
| #define PACKAGE_BUGREPORT ""
| #define PACKAGE_URL ""
| #define STDC_HEADERS 1
| /* end confdefs.h.  */
| #include <sys/types.h>
|  /* Check that off_t can represent 2**63 - 1 correctly.
|     We can't simply define LARGE_OFF_T to be 9223372036854775807,
|     since some C++ compilers masquerading as C compilers
|     incorrectly reject 9223372036854775807.  */
| #define LARGE_OFF_T (((off_t) 1 << 62) - 1 + ((off_t) 1 << 62))
|   int off_t_is_large[(LARGE_OFF_T % 2147483629 == 721
| 		       && LARGE_OFF_T % 2147483647 == 1)
| 		      ? 1 : -1];
| int
| main ()
| {
| 
|   ;
|   return 0;
| }
configure:3463: gcc -c -g -O2  conftest.c >&5
configure:3463: $? = 0
configure:3471: result: 64
configure:3570: checking for ptsname_r in -lc
configure:3595: gcc -o conftest -g -O2   conftest.c -lc   >&5
configure:3595: $? = 0
configure:3604: result: yes
configure:3622: checking for clearenv in -lc
configure:3647: gcc -o conftest -g -O2   conftest.c -lc  -lc  >&5
configure:3647: $? = 0
configure:3656: result: yes
configure:3674: checking for setresuid in -lc
configure:3699: gcc -o conftest -g -O2   conftest.c -lc  -lc -lc  >&5
configure:3699: $? = 0
configure:3708: result: yes
configure:3726: checking for get_current_dir_name in -lc
configure:3751: gcc -o conftest -g -O2   conftest.c -lc  -lc -lc -lc  >&5
configure:3751: $? = 0
configure:3760: result: yes
configure:3780: checking for umount2 in -lc
configure:3805: gcc -o conftest -g -O2   conftest.c -lc  -lc -lc -lc -lc  >&5
configure:3805: $? = 0
configure:3814: result: yes
configure:3832: checking for umount in -lc
configure:3857: gcc -o conftest -g -O2   conftest.c -lc  -lc -lc -lc -lc -lc  >&5
configure:3857: $? = 0
configure:3866: result: yes
configure:3884: checking for mkostemp in -lc
configure:3909: gcc -o conftest -g -O2   conftest.c -lc  -lc -lc -lc -lc -lc -lc  >&5
configure:3909: $? = 0
configure:3918: result: yes
configure:3936: checking for poll in -lc
configure:3961: gcc -o conftest -g -O2   conftest.c -lc  -lc -lc -lc -lc -lc -lc -lc  >&5
configure:3961: $? = 0
configure:3970: result: yes
configure:4287: checking openssl/crypto.h usability
configure:4287: gcc -c -g -O2  conftest.c >&5
configure:4287: $? = 0
configure:4287: result: yes
configure:4287: checking openssl/crypto.h presence
configure:4287: gcc -E  conftest.c
configure:4287: $? = 0
configure:4287: result: yes
configure:4287: checking for openssl/crypto.h
configure:4287: result: yes
configure:4293: checking openssl/ssl.h usability
configure:4293: gcc -c -g -O2  conftest.c >&5
configure:4293: $? = 0
configure:4293: result: yes
configure:4293: checking openssl/ssl.h presence
configure:4293: gcc -E  conftest.c
configure:4293: $? = 0
configure:4293: result: yes
configure:4293: checking for openssl/ssl.h
configure:4293: result: yes
configure:4307: checking for SSL_library_init in -lssl
configure:4332: gcc -o conftest -g -O2   conftest.c -lssl  -lc -lc -lc -lc -lc -lc -lc -lc  >&5
configure:4332: $? = 0
configure:4341: result: yes
configure:4354: checking for EVP_CIPHER_CTX_init in -lcrypto
configure:4379: gcc -o conftest -g -O2   conftest.c -lcrypto  -lssl -lc -lc -lc -lc -lc -lc -lc -lc  >&5
configure:4379: $? = 0
configure:4388: result: yes
configure:4406: checking for OpenSSL_add_all_algorithms
configure:4406: gcc -o conftest -g -O2   conftest.c -lcrypto -lssl -lc -lc -lc -lc -lc -lc -lc -lc  >&5
/tmp/cc6pj4xE.o: In function `main':
/home/colum/movgrab/libUseful/conftest.c:63: undefined reference to `OpenSSL_add_all_algorithms'
collect2: error: ld returned 1 exit status
configure:4406: $? = 1
configure: failed program was:
| /* confdefs.h */
| #define PACKAGE_NAME ""
| #define PACKAGE_TARNAME ""
| #define PACKAGE_VERSION ""
| #define PACKAGE_STRING ""
| #define PACKAGE_BUGREPORT ""
| #define PACKAGE_URL ""
| #define STDC_HEADERS 1
| #define _FILE_OFFSET_BITS 64
| #define HAVE_LIBC 1
| #define HAVE_PTSNAME_R 1
| #define HAVE_LIBC 1
| #define HAVE_CLEARENV 1
| #define HAVE_LIBC 1
| #define HAVE_SETRESUID 1
| #define HAVE_LIBC 1
| #define HAVE_GET_CURR_DIR 1
| #define HAVE_LIBC 1
| #define HAVE_UMOUNT2 1
| #define HAVE_LIBC 1
| #define HAVE_UMOUNT 1
| #define HAVE_LIBC 1
| #define HAVE_MKOSTEMP 1
| #define HAVE_LIBC 1
| #define HAVE_POLL 1
| #define HAVE_LIBSSL 1
| #define HAVE_LIBCRYPTO 1
| /* end confdefs.h.  */
| /* Define OpenSSL_add_all_algorithms to an innocuous variant, in case <limits.h> declares OpenSSL_add_all_algorithms.
|    For example, HP-UX 11i <limits.h> declares gettimeofday.  */
| #define OpenSSL_add_all_algorithms innocuous_OpenSSL_add_all_algorithms
| 
| /* System header to define __stub macros and hopefully few prototypes,
|     which can conflict with char OpenSSL_add_all_algorithms (); below.
|     Prefer <limits.h> to <assert.h> if __STDC__ is defined, since
|     <limits.h> exists even on freestanding compilers.  */
| 
| #ifdef __STDC__
| # include <limits.h>
| #else
| # include <assert.h>
| #endif
| 
| #undef OpenSSL_add_all_algorithms
| 
| /* Override any GCC internal prototype to avoid an error.
|    Use char because int might match the return type of a GCC
|    builtin and then its argument prototype would still apply.  */
| #ifdef __cplusplus
| extern "C"
| #endif
| char OpenSSL_add_all_algorithms ();
| /* The GNU C library defines this for functions which it implements
|     to always fail with ENOSYS.  Some functions are actually named
|     something starting with __ and the normal name is an alias.  */
| #if defined __stub_OpenSSL_add_all_algorithms || defined __stub___OpenSSL_add_all_algorithms
| choke me
| #endif
| 
| int
| main ()
| {
| return OpenSSL_add_all_algorithms ();
|   ;
|   return 0;
| }
configure:4406: result: no
configure:4406: checking for EVP_bf_cbc
configure:4406: gcc -o conftest -g -O2   conftest.c -lcrypto -lssl -lc -lc -lc -lc -lc -lc -lc -lc  >&5
configure:4406: $? = 0
configure:4406: result: yes
configure:4406: checking for EVP_rc2_cbc
configure:4406: gcc -o conftest -g -O2   conftest.c -lcrypto -lssl -lc -lc -lc -lc -lc -lc -lc -lc  >&5
configure:4406: $? = 0
configure:4406: result: yes
configure:4406: checking for EVP_rc4
configure:4406: gcc -o conftest -g -O2   conftest.c -lcrypto -lssl -lc -lc -lc -lc -lc -lc -lc -lc  >&5
configure:4406: $? = 0
configure:4406: result: yes
configure:4406: checking for EVP_rc5_32_12_16_cbc
configure:4406: gcc -o conftest -g -O2   conftest.c -lcrypto -lssl -lc -lc -lc -lc -lc -lc -lc -lc  >&5
/tmp/ccCXjw2k.o: In function `main':
/home/colum/movgrab/libUseful/conftest.c:66: undefined reference to `EVP_rc5_32_12_16_cbc'
collect2: error: ld returned 1 exit status
configure:4406: $? = 1
configure: failed program was:
| /* confdefs.h */
| #define PACKAGE_NAME ""
| #define PACKAGE_TARNAME ""
| #define PACKAGE_VERSION ""
| #define PACKAGE_STRING ""
| #define PACKAGE_BUGREPORT ""
| #define PACKAGE_URL ""
| #define STDC_HEADERS 1
| #define _FILE_OFFSET_BITS 64
| #define HAVE_LIBC 1
| #define HAVE_PTSNAME_R 1
| #define HAVE_LIBC 1
| #define HAVE_CLEARENV 1
| #define HAVE_LIBC 1
| #define HAVE_SETRESUID 1
| #define HAVE_LIBC 1
| #define HAVE_GET_CURR_DIR 1
| #define HAVE_LIBC 1
| #define HAVE_UMOUNT2 1
| #define HAVE_LIBC 1
| #define HAVE_UMOUNT 1
| #define HAVE_LIBC 1
| #define HAVE_MKOSTEMP 1
| #define HAVE_LIBC 1
| #define HAVE_POLL 1
| #define HAVE_LIBSSL 1
| #define HAVE_LIBCRYPTO 1
| #define HAVE_EVP_BF_CBC 1
| #define HAVE_EVP_RC2_CBC 1
| #define HAVE_EVP_RC4 1
| /* end confdefs.h.  */
| /* Define EVP_rc5_32_12_16_cbc to an innocuous variant, in case <limits.h> declares EVP_rc5_32_12_16_cbc.
|    For example, HP-UX 11i <limits.h> declares gettimeofday.  */
| #define EVP_rc5_32_12_16_cbc innocuous_EVP_rc5_32_12_16_cbc
| 
| /* System header to define __stub macros and hopefully few prototypes,
|     which can conflict with char EVP_rc5_32_12_16_cbc (); below.
|     Prefer <limits.h> to <assert.h> if __STDC__ is defined, since
|     <limits.h> exists even on freestanding compilers.  */
| 
| #ifdef __STDC__
| # include <limits.h>
| #else
| # include <assert.h>
| #endif
| 
| #undef EVP_rc5_32_12_16_cbc
| 
| /* Override any GCC internal prototype to avoid an error.
|    Use char because int might match the return type of a GCC
|    builtin and then its argument prototype would still apply.  */
| #ifdef __cplusplus
| extern "C"
| #endif
| char EVP_rc5_32_12_16_cbc ();
| /* The GNU C library defines this for functions which it implements
|     to always fail with ENOSYS.  Some functions are actually named
|     something starting with __ and the normal name is an alias.  */
| #if defined __stub_EVP_rc5_32_12_16_cbc || defined __stub___EVP_rc5_32_12_16_cbc
| choke me
| #endif
| 
| int
| main ()
| {
| return EVP_rc5_32_12_16_cbc ();
|   ;
|   return 0;
| }
configure:4406: result: no
configure:4406: checking for EVP_des_cbc
configure:4406: gcc -o conftest -g -O2   conftest.c -lcrypto -lssl -lc -lc -lc -lc -lc -lc -lc -lc  >&5
configure:4406: $? = 0
configure:4406: result: yes
configure:4406: checking for EVP_desx_cbc
configure:4406: gcc -o conftest -g -O2   conftest.c -lcrypto -lssl -lc -lc -lc -lc -lc -lc -lc -lc  >&5
configure:4406: $? = 0
configure:4406: result: yes
configure:4406: checking for EVP_cast5_cbc
configure:4406: gcc -o conftest -g -O2   conftest.c -lcrypto -lssl -lc -lc -lc -lc -lc -lc -lc -lc  >&5
configure:4406: $? = 0
configure:4406: result: yes
configure:4406: checking for EVP_idea_cbc
configure:4406: gcc -o conftest -g -O2   conftest.c -lcrypto -lssl -lc -lc -lc -lc -lc -lc -lc -lc  >&5
configure:4406: $? = 0
configure:4406: result: yes
configure:4406: checking for EVP_aes_128_cbc
configure:4406: gcc -o conftest -g -O2   conftest.c -lcrypto -lssl -lc -lc -lc -lc -lc -lc -lc -lc  >&5
configure:4406: $? = 0
configure:4406: result: yes
configure:4406: checking for EVP_aes_256_cbc
configure:4406: gcc -o conftest -g -O2   conftest.c -lcrypto -lssl -lc -lc -lc -lc -lc -lc -lc -lc  >&5
configure:4406: $? = 0
configure:4406: result: yes
configure:4406: checking for X509_check_host
configure:4406: gcc -o conftest -g -O2   conftest.c -lcrypto -lssl -lc -lc -lc -lc -lc -lc -lc -lc  >&5
configure:4406: $? = 0
configure:4406: result: yes
configure:4406: checking for SSL_set_tlsext_host_name
configure:4406: gcc -o conftest -g -O2   conftest.c -lcrypto -lssl -lc -lc -lc -lc -lc -lc -lc -lc  >&5
/tmp/cceS7RX5.o: In function `main':
/home/colum/movgrab/libUseful/conftest.c:73: undefined reference to `SSL_set_tlsext_host_name'
collect2: error: ld returned 1 exit status
configure:4406: $? = 1
configure: failed program was:
| /* confdefs.h */
| #define PACKAGE_NAME ""
| #define PACKAGE_TARNAME ""
| #define PACKAGE_VERSION ""
| #define PACKAGE_STRING ""
| #define PACKAGE_BUGREPORT ""
| #define PACKAGE_URL ""
| #define STDC_HEADERS 1
| #define _FILE_OFFSET_BITS 64
| #define HAVE_LIBC 1
| #define HAVE_PTSNAME_R 1
| #define HAVE_LIBC 1
| #define HAVE_CLEARENV 1
| #define HAVE_LIBC 1
| #define HAVE_SETRESUID 1
| #define HAVE_LIBC 1
| #define HAVE_GET_CURR_DIR 1
| #define HAVE_LIBC 1
| #define HAVE_UMOUNT2 1
| #define HAVE_LIBC 1
| #define HAVE_UMOUNT 1
| #define HAVE_LIBC 1
| #define HAVE_MKOSTEMP 1
| #define HAVE_LIBC 1
| #define HAVE_POLL 1
| #define HAVE_LIBSSL 1
| #define HAVE_LIBCRYPTO 1
| #define HAVE_EVP_BF_CBC 1
| #define HAVE_EVP_RC2_CBC 1
| #define HAVE_EVP_RC4 1
| #define HAVE_EVP_DES_CBC 1
| #define HAVE_EVP_DESX_CBC 1
| #define HAVE_EVP_CAST5_CBC 1
| #define HAVE_EVP_IDEA_CBC 1
| #define HAVE_EVP_AES_128_CBC 1
| #define HAVE_EVP_AES_256_CBC 1
| #define HAVE_X509_CHECK_HOST 1
| /* end confdefs.h.  */
| /* Define SSL_set_tlsext_host_name to an innocuous variant, in case <limits.h> declares SSL_set_tlsext_host_name.
|    For example, HP-UX 11i <limits.h> declares gettimeofday.  */
| #define SSL_set_tlsext_host_name innocuous_SSL_set_tlsext_host_name
| 
| /* System header to define __stub macros and hopefully few prototypes,
|     which can conflict with char SSL_set_tlsext_host_name (); below.
|     Prefer <limits.h> to <assert.h> if __STDC__ is defined, since
|     <limits.h> exists even on freestanding compilers.  */
| 
| #ifdef __STDC__
| # include <limits.h>
| #else
| # include <assert.h>
| #endif
| 
| #undef SSL_set_tlsext_host_name
| 
| /* Override any GCC internal prototype to avoid an error.
|    Use char because int might match the return type of a GCC
|    builtin and then its argument prototype would still apply.  */
| #ifdef __cplusplus
| extern "C"
| #endif
| char SSL_set_tlsext_host_name ();
| /* The GNU C library defines this for functions which it implements
|     to always fail with ENOSYS.  Some functions are actually named
|     something starting with __ and the normal name is an alias.  */
| #if defined __stub_SSL_set_tlsext_host_name || defined __stub___SSL_set_tlsext_host_name
| choke me
| #endif
| 
| int
| main ()
| {
| return SSL_set_tlsext_host_name ();
|   ;
|   return 0;
| }
configure:4406: result: no
configure:4417: checking whether OpenSSL_add_all_algorithms is declared
configure:4417: gcc -c -g -O2  conftest.c >&5
configure:4417: $? = 0
configure:4417: result: yes
configure:4433: checking whether SSL_set_tlsext_host_name is declared
configure:4433: gcc -c -g -O2  conftest.c >&5
configure:4433: $? = 0
configure:4433: result: yes
configure:4450: checking that OpenSSL Library is at least version 0.9.7
configure:4464: result: yes
configure:4726: creating ./config.status

## ---------------------- ##
## Running config.status. ##
## ---------------------- ##

This file was extended by config.status, which was
generated by GNU Autoconf 2.69.  Invocation command line was

  CONFIG_FILES    = 
  CONFIG_HEADERS  = 
  CONFIG_LINKS    = 
  CONFIG_COMMANDS = 
  $ ./config.status 

on columPC

config.status:728: creating Makefile

## ---------------- ##
## Cache variables. ##
## ---------------- ##

ac_cv_c_compiler_gnu=yes
ac_cv_env_CC_set=
ac_cv_env_CC_value=
ac_cv_env_CFLAGS_set=
ac_cv_env_CFLAGS_value=
ac_cv_env_CPPFLAGS_set=
ac_cv_env_CPPFLAGS_value=
ac_cv_env_CPP_set=
ac_cv_env_CPP_value=
ac_cv_env_LDFLAGS_set=
ac_cv_env_LDFLAGS_value=
ac_cv_env_LIBS_set=
ac_cv_env_LIBS_value=
ac_cv_env_build_alias_set=
ac_cv_env_build_alias_value=
ac_cv_env_host_alias_set=
ac_cv_env_host_alias_value=
ac_cv_env_target_alias_set=
ac_cv_env_target_alias_value=
ac_cv_func_EVP_aes_128_cbc=yes
ac_cv_func_EVP_aes_256_cbc=yes
ac_cv_func_EVP_bf_cbc=yes
ac_cv_func_EVP_cast5_cbc=yes
ac_cv_func_EVP_des_cbc=yes
ac_cv_func_EVP_desx_cbc=yes
ac_cv_func_EVP_idea_cbc=yes
ac_cv_func_EVP_rc2_cbc=yes
ac_cv_func_EVP_rc4=yes
ac_cv_func_EVP_rc5_32_12_16_cbc=no
ac_cv_func_OpenSSL_add_all_algorithms=no
ac_cv_func_SSL_set_tlsext_host_name=no
ac_cv_func_X509_check_host=yes
ac_cv_have_decl_OpenSSL_add_all_algorithms=yes
ac_cv_have_decl_SSL_set_tlsext_host_name=yes
ac_cv_header_openssl_crypto_h=yes
ac_cv_header_openssl_ssl_h=yes
ac_cv_header_stdc=yes
ac_cv_lib_c_clearenv=yes
ac_cv_lib_c_get_current_dir_name=yes
ac_cv_lib_c_mkostemp=yes
ac_cv_lib_c_poll=yes
ac_cv_lib_c_ptsname_r=yes
ac_cv_lib_c_setresuid=yes
ac_cv_lib_c_umount2=yes
ac_cv_lib_c_umount=yes
ac_cv_lib_crypto_EVP_CIPHER_CTX_init=yes
ac_cv_lib_ssl_SSL_library_init=yes
ac_cv_objext=o
ac_cv_path_EGREP='/bin/grep -E'
ac_cv_path_GREP=/bin/grep
ac_cv_prog_CPP='gcc -E'
ac_cv_prog_ac_ct_CC=gcc
ac_cv_prog_cc_c89=
ac_cv_prog_cc_g=yes
ac_cv_prog_make_make_set=yes
ac_cv_sys_file_offset_bits=64
ac_cv_sys_largefile_CC=no

## ----------------- ##
## Output variables. ##
## ----------------- ##

CC='gcc'
CFLAGS='-g -O2'
CPP='gcc -E'
CPPFLAGS=''
DEFS='-DPACKAGE_NAME=\"\" -DPACKAGE_TARNAME=\"\" -DPACKAGE_VERSION=\"\" -DPACKAGE_STRING=\"\" -DPACKAGE_BUGREPORT=\"\" -DPACKAGE_URL=\"\" -DSTDC_HEADERS=1 -D_FILE_OFFSET_BITS=64 -DHAVE_LIBC=1 -DHAVE_PTSNAME_R=1 -DHAVE_LIBC=1 -DHAVE_CLEARENV=1 -DHAVE_LIBC=1 -DHAVE_SETRESUID=1 -DHAVE_LIBC=1 -DHAVE_GET_CURR_DIR=1 -DHAVE_LIBC=1 -DHAVE_UMOUNT2=1 -DHAVE_LIBC=1 -DHAVE_UMOUNT=1 -DHAVE_LIBC=1 -DHAVE_MKOSTEMP=1 -DHAVE_LIBC=1 -DHAVE_POLL=1 -DHAVE_LIBSSL=1 -DHAVE_LIBCRYPTO=1 -DHAVE_EVP_BF_CBC=1 -DHAVE_EVP_RC2_CBC=1 -DHAVE_EVP_RC4=1 -DHAVE_EVP_DES_CBC=1 -DHAVE_EVP_DESX_CBC=1 -DHAVE_EVP_CAST5_CBC=1 -DHAVE_EVP_IDEA_CBC=1 -DHAVE_EVP_AES_128_CBC=1 -DHAVE_EVP_AES_256_CBC=1 -DHAVE_X509_CHECK_HOST=1 -DHAVE_DECL_OPENSSL_ADD_ALL_ALGORITHMS=1 -DHAVE_OPENSSL_ADD_ALL_ALGORITHMS=1 -DHAVE_DECL_SSL_SET_TLSEXT_HOST_NAME=1 -DHAVE_SSL_SET_TLSEXT_HOST_NAME=1'
ECHO_C=''
ECHO_N='-n'
ECHO_T=''
EGREP='/bin/grep -E'
EXEEXT=''
GREP='/bin/grep'
LDFLAGS=''
LIBOBJS=''
LIBS='-lcrypto -lssl -lc -lc -lc -lc -lc -lc -lc -lc '
LTLIBOBJS=''
OBJEXT='o'
PACKAGE_BUGREPORT=''
PACKAGE_NAME=''
PACKAGE_STRING=''
PACKAGE_TARNAME=''
PACKAGE_URL=''
PACKAGE_VERSION=''
PATH_SEPARATOR=':'
SET_MAKE=''
SHELL='/bin/sh'
SIMD_CFLAGS=''
ac_ct_CC='gcc'
bindir='${exec_prefix}/bin'
build_alias=''
datadir='${datarootdir}'
datarootdir='${prefix}/share'
docdir='${datarootdir}/doc/${PACKAGE}'
dvidir='${docdir}'
exec_prefix='${prefix}'
host_alias=''
htmldir='${docdir}'
includedir='${prefix}/include'
infodir='${datarootdir}/info'
libdir='${exec_prefix}/lib'
libexecdir='${exec_prefix}/libexec'
localedir='${datarootdir}/locale'
localstatedir='${prefix}/var'
mandir='${datarootdir}/man'
oldincludedir='/usr/include'
pdfdir='${docdir}'
prefix='/usr/local'
program_transform_name='s,x,x,'
psdir='${docdir}'
sbindir='${exec_prefix}/sbin'
sharedstatedir='${prefix}/com'
sysconfdir='${prefix}/etc'
target_alias=''

## ----------- ##
## confdefs.h. ##
## ----------- ##

/* confdefs.h */
#define PACKAGE_NAME ""
#define PACKAGE_TARNAME ""
#define PACKAGE_VERSION ""
#define PACKAGE_STRING ""
#define PACKAGE_BUGREPORT ""
#define PACKAGE_URL ""
#define STDC_HEADERS 1
#define _FILE_OFFSET_BITS 64
#define HAVE_LIBC 1
#define HAVE_PTSNAME_R 1
#define HAVE_LIBC 1
#define HAVE_CLEARENV 1
#define HAVE_LIBC 1
#define HAVE_SETRESUID 1
#define HAVE_LIBC 1
#define HAVE_GET_CURR_DIR 1
#define HAVE_LIBC 1
#define HAVE_UMOUNT2 1
#define HAVE_LIBC 1
#define HAVE_UMOUNT 1
#define HAVE_LIBC 1
#define HAVE_MKOSTEMP 1
#define HAVE_LIBC 1
#define HAVE_POLL 1
#define HAVE_LIBSSL 1
#define HAVE_LIBCRYPTO 1
#define HAVE_EVP_BF_CBC 1
#define HAVE_EVP_RC2_CBC 1
#define HAVE_EVP_RC4 1
#define HAVE_EVP_DES_CBC 1
#define HAVE_EVP_DESX_CBC 1
#define HAVE_EVP_CAST5_CBC 1
#define HAVE_EVP_IDEA_CBC 1
#define HAVE_EVP_AES_128_CBC 1
#define HAVE_EVP_AES_256_CBC 1
#define HAVE_X509_CHECK_HOST 1
#define HAVE_DECL_OPENSSL_ADD_ALL_ALGORITHMS 1
#define HAVE_OPENSSL_ADD_ALL_ALGORITHMS 1
#define HAVE_DECL_SSL_SET_TLSEXT_HOST_NAME 1
#define HAVE_SSL_SET_TLSEXT_HOST_NAME 1

configure: exit 0
